23.12.2025 22:35:29.420 : Information - RTU "Ozirna_2025_12_11" - Export started.
23.12.2025 22:35:29.421 : Information - RTU "Ozirna_2025_12_11" - Start export worksheet 'CP03'.
23.12.2025 22:35:29.445 : Information - Sheet "CP03" / Row 6 - Object 'Ozirna      CP3 Addr1   AkonTC24                                     ТС24 Резерв' exported, not modified.
23.12.2025 22:35:29.445 : Information - Sheet "CP03" / Row 6 - Object name 'CP3 Addr1 шафа ТМ | SPI  : Ozirna      CP3 Addr1   AkonTC24                                     ТС24 Резерв' Added
23.12.2025 22:35:29.457 : Information - Sheet "CP03" / Row 7 - Object 'Ozirna      CP3 Addr1   AkonTC24                                     ТС23 Резерв' exported, not modified.
23.12.2025 22:35:29.457 : Information - Sheet "CP03" / Row 7 - Object name 'CP3 Addr1 шафа ТМ | SPI  : Ozirna      CP3 Addr1   AkonTC24                                     ТС23 Резерв' Added
23.12.2025 22:35:29.468 : Information - Sheet "CP03" / Row 8 - Object 'Ozirna      CP3 Addr1   AkonTC24                                     ТС22 Резерв' exported, not modified.
23.12.2025 22:35:29.468 : Information - Sheet "CP03" / Row 8 - Object name 'CP3 Addr1 шафа ТМ | SPI  : Ozirna      CP3 Addr1   AkonTC24                                     ТС22 Резерв' Added
23.12.2025 22:35:29.471 : Information - Sheet "CP03" / Row 9 - Object 'Ozirna      CP3 Addr1   AkonTC24                                     ТС21 Резерв' exported, not modified.
23.12.2025 22:35:29.471 : Information - Sheet "CP03" / Row 9 - Object name 'CP3 Addr1 шафа ТМ | SPI  : Ozirna      CP3 Addr1   AkonTC24                                     ТС21 Резерв' Added
23.12.2025 22:35:29.476 : Information - Sheet "CP03" / Row 10 - Object 'Ozirna      CP3 Addr1   AkonTC24                                     ТС20 Резерв' exported, not modified.
23.12.2025 22:35:29.476 : Information - Sheet "CP03" / Row 10 - Object name 'CP3 Addr1 шафа ТМ | SPI  : Ozirna      CP3 Addr1   AkonTC24                                     ТС20 Резерв' Added
23.12.2025 22:35:29.479 : Information - Sheet "CP03" / Row 11 - Object 'Ozirna      CP3 Addr1   AkonTC24                                     ТС19 Резерв' exported, not modified.
23.12.2025 22:35:29.479 : Information - Sheet "CP03" / Row 11 - Object name 'CP3 Addr1 шафа ТМ | SPI  : Ozirna      CP3 Addr1   AkonTC24                                     ТС19 Резерв' Added
23.12.2025 22:35:29.483 : Information - Sheet "CP03" / Row 12 - Object 'Ozirna      CP3 Addr1   AkonTC24                                     ТС18 Резерв' exported, not modified.
23.12.2025 22:35:29.483 : Information - Sheet "CP03" / Row 12 - Object name 'CP3 Addr1 шафа ТМ | SPI  : Ozirna      CP3 Addr1   AkonTC24                                     ТС18 Резерв' Added
23.12.2025 22:35:29.492 : Information - Sheet "CP03" / Row 13 - Object 'Ozirna      CP3 Addr1   AkonTC24                                     ТС17 Резерв' exported, not modified.
23.12.2025 22:35:29.492 : Information - Sheet "CP03" / Row 13 - Object name 'CP3 Addr1 шафа ТМ | SPI  : Ozirna      CP3 Addr1   AkonTC24                                     ТС17 Резерв' Added
23.12.2025 22:35:29.496 : Information - Sheet "CP03" / Row 14 - Object 'Ozirna      CP3 Addr1   AkonTC24                                     ТС16 Резерв' exported, not modified.
23.12.2025 22:35:29.496 : Information - Sheet "CP03" / Row 14 - Object name 'CP3 Addr1 шафа ТМ | SPI  : Ozirna      CP3 Addr1   AkonTC24                                     ТС16 Резерв' Added
23.12.2025 22:35:29.502 : Information - Sheet "CP03" / Row 15 - Object 'Ozirna      CP3 Addr1   AkonTC24                                     ТС15 Резерв' exported, not modified.
23.12.2025 22:35:29.502 : Information - Sheet "CP03" / Row 15 - Object name 'CP3 Addr1 шафа ТМ | SPI  : Ozirna      CP3 Addr1   AkonTC24                                     ТС15 Резерв' Added
23.12.2025 22:35:29.506 : Information - Sheet "CP03" / Row 16 - Object 'Ozirna      CP3 Addr1   AkonTC24                                     ТС14 Резерв' exported, not modified.
23.12.2025 22:35:29.506 : Information - Sheet "CP03" / Row 16 - Object name 'CP3 Addr1 шафа ТМ | SPI  : Ozirna      CP3 Addr1   AkonTC24                                     ТС14 Резерв' Added
23.12.2025 22:35:29.512 : Information - Sheet "CP03" / Row 17 - Object 'Ozirna      CP3 Addr1   AkonTC24                                     ТС13 Резерв' exported, not modified.
23.12.2025 22:35:29.512 : Information - Sheet "CP03" / Row 17 - Object name 'CP3 Addr1 шафа ТМ | SPI  : Ozirna      CP3 Addr1   AkonTC24                                     ТС13 Резерв' Added
23.12.2025 22:35:29.522 : Information - Sheet "CP03" / Row 18 - Object 'Ozirna      CP3 Addr1   AkonTC24                                     ТС12 Резерв' exported, not modified.
23.12.2025 22:35:29.522 : Information - Sheet "CP03" / Row 18 - Object name 'CP3 Addr1 шафа ТМ | SPI  : Ozirna      CP3 Addr1   AkonTC24                                     ТС12 Резерв' Added
23.12.2025 22:35:29.527 : Information - Sheet "CP03" / Row 19 - Object 'Ozirna      CP3 Addr1   AkonTC24                                     ТС11 Перегруз Т-1' exported, not modified.
23.12.2025 22:35:29.527 : Information - Sheet "CP03" / Row 19 - Object name 'CP3 Addr1 шафа ТМ | SPI  : Ozirna      CP3 Addr1   AkonTC24                                     ТС11 Перегруз Т-1' Added
23.12.2025 22:35:29.532 : Information - Sheet "CP03" / Row 20 - Object 'Ozirna      CP3 Addr1   AkonTC24                                     ТС10 Перегруз Т-2' exported, not modified.
23.12.2025 22:35:29.532 : Information - Sheet "CP03" / Row 20 - Object name 'CP3 Addr1 шафа ТМ | SPI  : Ozirna      CP3 Addr1   AkonTC24                                     ТС10 Перегруз Т-2' Added
23.12.2025 22:35:29.536 : Information - Sheet "CP03" / Row 21 - Object 'Ozirna      CP3 Addr1   AkonTC24                                     ТС09 Попередження' exported, not modified.
23.12.2025 22:35:29.536 : Information - Sheet "CP03" / Row 21 - Object name 'CP3 Addr1 шафа ТМ | SPI  : Ozirna      CP3 Addr1   AkonTC24                                     ТС09 Попередження' Added
23.12.2025 22:35:29.542 : Information - Sheet "CP03" / Row 22 - Object 'Ozirna      CP3 Addr1   AkonTC24                                     ТС08 Аварія' exported, not modified.
23.12.2025 22:35:29.542 : Information - Sheet "CP03" / Row 22 - Object name 'CP3 Addr1 шафа ТМ | SPI  : Ozirna      CP3 Addr1   AkonTC24                                     ТС08 Аварія' Added
23.12.2025 22:35:29.547 : Information - Sheet "CP03" / Row 23 - Object 'Ozirna      CP3 Addr1   AkonTC24                                     ТС07 Резерв' exported, not modified.
23.12.2025 22:35:29.547 : Information - Sheet "CP03" / Row 23 - Object name 'CP3 Addr1 шафа ТМ | SPI  : Ozirna      CP3 Addr1   AkonTC24                                     ТС07 Резерв' Added
23.12.2025 22:35:29.551 : Information - Sheet "CP03" / Row 24 - Object 'Ozirna      CP3 Addr1   AkonTC24                                     ТС06 Резерв' exported, not modified.
23.12.2025 22:35:29.551 : Information - Sheet "CP03" / Row 24 - Object name 'CP3 Addr1 шафа ТМ | SPI  : Ozirna      CP3 Addr1   AkonTC24                                     ТС06 Резерв' Added
23.12.2025 22:35:29.554 : Information - Sheet "CP03" / Row 25 - Object 'Ozirna      CP3 Addr1   AkonTC24                                     ТС05 Резерв' exported, not modified.
23.12.2025 22:35:29.554 : Information - Sheet "CP03" / Row 25 - Object name 'CP3 Addr1 шафа ТМ | SPI  : Ozirna      CP3 Addr1   AkonTC24                                     ТС05 Резерв' Added
23.12.2025 22:35:29.564 : Information - Sheet "CP03" / Row 26 - Object 'Ozirna      CP3 Addr1   AkonTC24                                     ТС04 АВ в шафі ТМ вимкнено' exported, not modified.
23.12.2025 22:35:29.564 : Information - Sheet "CP03" / Row 26 - Object name 'CP3 Addr1 шафа ТМ | SPI  : Ozirna      CP3 Addr1   AkonTC24                                     ТС04 АВ в шафі ТМ вимкнено' Added
23.12.2025 22:35:29.574 : Information - Sheet "CP03" / Row 27 - Object 'Ozirna      CP3 Addr1   AkonTC24                                     ТС03 Двері КП (шафи ТМ)' exported, not modified.
23.12.2025 22:35:29.574 : Information - Sheet "CP03" / Row 27 - Object name 'CP3 Addr1 шафа ТМ | SPI  : Ozirna      CP3 Addr1   AkonTC24                                     ТС03 Двері КП (шафи ТМ)' Added
23.12.2025 22:35:29.578 : Information - Sheet "CP03" / Row 28 - Object 'Ozirna      CP3 Addr1   AkonTC24                                     ТС02 Ключ М0/Д1 ПС Озерна' exported, not modified.
23.12.2025 22:35:29.578 : Information - Sheet "CP03" / Row 28 - Object name 'CP3 Addr1 шафа ТМ | SPI  : Ozirna      CP3 Addr1   AkonTC24                                     ТС02 Ключ М0/Д1 ПС Озерна' Added
23.12.2025 22:35:29.584 : Information - Sheet "CP03" / Row 29 - Object 'Ozirna      CP3 Addr1   AkonTC24                                     ТС01 Живлення КП (шафи ТМ)' exported, not modified.
23.12.2025 22:35:29.584 : Information - Sheet "CP03" / Row 29 - Object name 'CP3 Addr1 шафа ТМ | SPI  : Ozirna      CP3 Addr1   AkonTC24                                     ТС01 Живлення КП (шафи ТМ)' Added
23.12.2025 22:35:29.592 : Information - Sheet "CP03" / Row 30 - Object 'Ozirna      CP3Addr31   Akon 314                                     ТВ02' exported, not modified.
23.12.2025 22:35:29.592 : Information - Sheet "CP03" / Row 30 - Object name 'CP3Addr31 ВД-110 кВ Т-1 | MFI  : Ozirna      CP3Addr31   Akon 314                                     ТВ02' Added
23.12.2025 22:35:29.596 : Information - Sheet "CP03" / Row 31 - Object 'Ozirna      CP3Addr31   Akon 314                                     ТВ01' exported, not modified.
23.12.2025 22:35:29.596 : Information - Sheet "CP03" / Row 31 - Object name 'CP3Addr31 ВД-110 кВ Т-1 | MFI  : Ozirna      CP3Addr31   Akon 314                                     ТВ01' Added
23.12.2025 22:35:29.604 : Information - Sheet "CP03" / Row 32 - Object 'Ozirna      CP3Addr31   Akon 314                                     04' exported, not modified.
23.12.2025 22:35:29.604 : Information - Sheet "CP03" / Row 32 - Object name 'CP3Addr31 ВД-110 кВ Т-1 | SPI  : Ozirna      CP3Addr31   Akon 314                                     04' Added
23.12.2025 22:35:29.607 : Information - Sheet "CP03" / Row 33 - Object 'Ozirna      CP3Addr31   Akon 314                                     03' exported, not modified.
23.12.2025 22:35:29.607 : Information - Sheet "CP03" / Row 33 - Object name 'CP3Addr31 ВД-110 кВ Т-1 | SPI  : Ozirna      CP3Addr31   Akon 314                                     03' Added
23.12.2025 22:35:29.611 : Information - Sheet "CP03" / Row 34 - Object 'Ozirna      CP3Addr31   Akon 314                                     02' exported, not modified.
23.12.2025 22:35:29.611 : Information - Sheet "CP03" / Row 34 - Object name 'CP3Addr31 ВД-110 кВ Т-1 | SPI  : Ozirna      CP3Addr31   Akon 314                                     02' Added
23.12.2025 22:35:29.614 : Information - Sheet "CP03" / Row 35 - Object 'Ozirna      CP3Addr31   Akon 314                                     01' exported, not modified.
23.12.2025 22:35:29.614 : Information - Sheet "CP03" / Row 35 - Object name 'CP3Addr31 ВД-110 кВ Т-1 | SPI  : Ozirna      CP3Addr31   Akon 314                                     01' Added
23.12.2025 22:35:29.618 : Information - Sheet "CP03" / Row 36 - Object 'Ozirna      CP3Addr31   Akon 314                                     ТК01' exported, not modified.
23.12.2025 22:35:29.618 : Information - Sheet "CP03" / Row 36 - Object name 'CP3Addr31 ВД-110 кВ Т-1 | SCO  : Ozirna      CP3Addr31   Akon 314                                     ТК01' Added
23.12.2025 22:35:29.624 : Information - Sheet "CP03" / Row 37 - Object 'Ozirna      CP3Addr32   Akon 310                                     ТВ01' exported, not modified.
23.12.2025 22:35:29.624 : Information - Sheet "CP03" / Row 37 - Object name 'CP3Addr32 ВД-110 кВ Т-2 | MFI  : Ozirna      CP3Addr32   Akon 310                                     ТВ01' Added
23.12.2025 22:35:29.627 : Information - Sheet "CP03" / Row 38 - Object 'Ozirna      CP3Addr32   Akon 310                                     ТВ02' exported, not modified.
23.12.2025 22:35:29.627 : Information - Sheet "CP03" / Row 38 - Object name 'CP3Addr32 ВД-110 кВ Т-2 | MFI  : Ozirna      CP3Addr32   Akon 310                                     ТВ02' Added
23.12.2025 22:35:29.631 : Information - Sheet "CP03" / Row 39 - Object 'Ozirna      CP3Addr32   Akon 310                                     ТК01' exported, not modified.
23.12.2025 22:35:29.631 : Information - Sheet "CP03" / Row 39 - Object name 'CP3Addr32 ВД-110 кВ Т-2 | SCO  : Ozirna      CP3Addr32   Akon 310                                     ТК01' Added
23.12.2025 22:35:29.634 : Information - Sheet "CP03" / Row 40 - Object 'Ozirna      CP3Addr32   Akon 310                                     01' exported, not modified.
23.12.2025 22:35:29.634 : Information - Sheet "CP03" / Row 40 - Object name 'CP3Addr32 ВД-110 кВ Т-2 | SPI  : Ozirna      CP3Addr32   Akon 310                                     01' Added
23.12.2025 22:35:29.640 : Information - Sheet "CP03" / Row 41 - Object 'Ozirna      CP3Addr32   Akon 310                                     02' exported, not modified.
23.12.2025 22:35:29.640 : Information - Sheet "CP03" / Row 41 - Object name 'CP3Addr32 ВД-110 кВ Т-2 | SPI  : Ozirna      CP3Addr32   Akon 310                                     02' Added
23.12.2025 22:35:29.644 : Information - Sheet "CP03" / Row 42 - Object 'Ozirna      CP3Addr32   Akon 310                                     03' exported, not modified.
23.12.2025 22:35:29.644 : Information - Sheet "CP03" / Row 42 - Object name 'CP3Addr32 ВД-110 кВ Т-2 | SPI  : Ozirna      CP3Addr32   Akon 310                                     03' Added
23.12.2025 22:35:29.647 : Information - Sheet "CP03" / Row 43 - Object 'Ozirna      CP3Addr32   Akon 310                                     04' exported, not modified.
23.12.2025 22:35:29.647 : Information - Sheet "CP03" / Row 43 - Object name 'CP3Addr32 ВД-110 кВ Т-2 | SPI  : Ozirna      CP3Addr32   Akon 310                                     04' Added
23.12.2025 22:35:29.651 : Information - Sheet "CP03" / Row 44 - Object 'Ozirna      CP3Addr33   Akon 314                                     ТВ02' exported, not modified.
23.12.2025 22:35:29.651 : Information - Sheet "CP03" / Row 44 - Object name 'CP3Addr33 CВ-110 кВ | MFI  : Ozirna      CP3Addr33   Akon 314                                     ТВ02' Added
23.12.2025 22:35:29.654 : Information - Sheet "CP03" / Row 45 - Object 'Ozirna      CP3Addr33   Akon 314                                     ТВ01' exported, not modified.
23.12.2025 22:35:29.654 : Information - Sheet "CP03" / Row 45 - Object name 'CP3Addr33 CВ-110 кВ | MFI  : Ozirna      CP3Addr33   Akon 314                                     ТВ01' Added
23.12.2025 22:35:29.661 : Information - Sheet "CP03" / Row 46 - Object 'Ozirna      CP3Addr33   Akon 314                                     04' exported, not modified.
23.12.2025 22:35:29.661 : Information - Sheet "CP03" / Row 46 - Object name 'CP3Addr33 CВ-110 кВ | SPI  : Ozirna      CP3Addr33   Akon 314                                     04' Added
23.12.2025 22:35:29.665 : Information - Sheet "CP03" / Row 47 - Object 'Ozirna      CP3Addr33   Akon 314                                     03' exported, not modified.
23.12.2025 22:35:29.665 : Information - Sheet "CP03" / Row 47 - Object name 'CP3Addr33 CВ-110 кВ | SPI  : Ozirna      CP3Addr33   Akon 314                                     03' Added
23.12.2025 22:35:29.669 : Information - Sheet "CP03" / Row 48 - Object 'Ozirna      CP3Addr33   Akon 314                                     02' exported, not modified.
23.12.2025 22:35:29.669 : Information - Sheet "CP03" / Row 48 - Object name 'CP3Addr33 CВ-110 кВ | SPI  : Ozirna      CP3Addr33   Akon 314                                     02' Added
23.12.2025 22:35:29.673 : Information - Sheet "CP03" / Row 49 - Object 'Ozirna      CP3Addr33   Akon 314                                     01' exported, not modified.
23.12.2025 22:35:29.673 : Information - Sheet "CP03" / Row 49 - Object name 'CP3Addr33 CВ-110 кВ | SPI  : Ozirna      CP3Addr33   Akon 314                                     01' Added
23.12.2025 22:35:29.679 : Information - Sheet "CP03" / Row 50 - Object 'Ozirna      CP3Addr33   Akon 314                                     ТК01' exported, not modified.
23.12.2025 22:35:29.679 : Information - Sheet "CP03" / Row 50 - Object name 'CP3Addr33 CВ-110 кВ | SCO  : Ozirna      CP3Addr33   Akon 314                                     ТК01' Added
23.12.2025 22:35:29.683 : Information - Sheet "CP03" / Row 51 - Object 'Ozirna      CP3Addr34   Akon 314                                     ТВ01' exported, not modified.
23.12.2025 22:35:29.683 : Information - Sheet "CP03" / Row 51 - Object name 'CP3Addr34 CВ-110 кВ | MFI  : Ozirna      CP3Addr34   Akon 314                                     ТВ01' Added
23.12.2025 22:35:29.687 : Information - Sheet "CP03" / Row 52 - Object 'Ozirna      CP3Addr34   Akon 314                                     ТВ02' exported, not modified.
23.12.2025 22:35:29.687 : Information - Sheet "CP03" / Row 52 - Object name 'CP3Addr34 CВ-110 кВ | MFI  : Ozirna      CP3Addr34   Akon 314                                     ТВ02' Added
23.12.2025 22:35:29.690 : Information - Sheet "CP03" / Row 53 - Object 'Ozirna      CP3Addr34   Akon 314                                     ТК01' exported, not modified.
23.12.2025 22:35:29.690 : Information - Sheet "CP03" / Row 53 - Object name 'CP3Addr34 CВ-110 кВ | SCO  : Ozirna      CP3Addr34   Akon 314                                     ТК01' Added
23.12.2025 22:35:29.694 : Information - Sheet "CP03" / Row 54 - Object 'Ozirna      CP3Addr34   Akon 314                                     01' exported, not modified.
23.12.2025 22:35:29.694 : Information - Sheet "CP03" / Row 54 - Object name 'CP3Addr34 CВ-110 кВ | SPI  : Ozirna      CP3Addr34   Akon 314                                     01' Added
23.12.2025 22:35:29.697 : Information - Sheet "CP03" / Row 55 - Object 'Ozirna      CP3Addr34   Akon 314                                     02' exported, not modified.
23.12.2025 22:35:29.697 : Information - Sheet "CP03" / Row 55 - Object name 'CP3Addr34 CВ-110 кВ | SPI  : Ozirna      CP3Addr34   Akon 314                                     02' Added
23.12.2025 22:35:29.704 : Information - Sheet "CP03" / Row 56 - Object 'Ozirna      CP3Addr34   Akon 314                                     03' exported, not modified.
23.12.2025 22:35:29.704 : Information - Sheet "CP03" / Row 56 - Object name 'CP3Addr34 CВ-110 кВ | SPI  : Ozirna      CP3Addr34   Akon 314                                     03' Added
23.12.2025 22:35:29.708 : Information - Sheet "CP03" / Row 57 - Object 'Ozirna      CP3Addr34   Akon 314                                     04' exported, not modified.
23.12.2025 22:35:29.708 : Information - Sheet "CP03" / Row 57 - Object name 'CP3Addr34 CВ-110 кВ | SPI  : Ozirna      CP3Addr34   Akon 314                                     04' Added
23.12.2025 22:35:29.712 : Information - Sheet "CP03" / Row 58 - Object '' exported, not modified.
23.12.2025 22:35:29.712 : Information - Sheet "CP03" / Row 58 - Object name 'CP3 Addr1 шафа ТМ | SEV [#048: Device inoperable]' Added
23.12.2025 22:35:29.716 : Information - Sheet "CP03" / Row 59 - Object '' exported, not modified.
23.12.2025 22:35:29.716 : Information - Sheet "CP03" / Row 59 - Object name 'CP3Addr31 ВД-110 кВ Т-1 | SEV [#048: Device inoperable]' Added
23.12.2025 22:35:29.719 : Information - Sheet "CP03" / Row 60 - Object '' exported, not modified.
23.12.2025 22:35:29.719 : Information - Sheet "CP03" / Row 60 - Object name 'CP3Addr32 ВД-110 кВ Т-2 | SEV [#048: Device inoperable]' Added
23.12.2025 22:35:29.726 : Information - Sheet "CP03" / Row 61 - Object '' exported, not modified.
23.12.2025 22:35:29.726 : Information - Sheet "CP03" / Row 61 - Object name 'CP3Addr33 CВ-110 кВ | SEV [#048: Device inoperable]' Added
23.12.2025 22:35:29.729 : Information - Sheet "CP03" / Row 62 - Object '' exported, not modified.
23.12.2025 22:35:29.729 : Information - Sheet "CP03" / Row 62 - Object name 'CP3Addr34 CВ-110 кВ | SEV [#048: Device inoperable]' Added
23.12.2025 22:35:29.730 : Information - RTU "Ozirna_2025_12_11" - 0 rows updated, 57 rows added, 0 rows deleted, 57 rows processed
23.12.2025 22:35:29.730 : Information - RTU "Ozirna_2025_12_11" - Finished export worksheet 'CP03'
23.12.2025 22:35:29.730 : Information - RTU "Ozirna_2025_12_11" - Start export worksheet 'CP02'.
23.12.2025 22:35:29.735 : Information - Sheet "CP02" / Row 6 - Object 'Ozirna      CP2 Addr07  Akon 310                                     ТВ01' exported, not modified.
23.12.2025 22:35:29.735 : Information - Sheet "CP02" / Row 6 - Object name 'CP2 Addr07 В-10 кВ "Сільгосп. Тех." | MFI  : Ozirna      CP2 Addr07  Akon 310                                     ТВ01' Added
23.12.2025 22:35:29.739 : Information - Sheet "CP02" / Row 7 - Object 'Ozirna      CP2 Addr07  Akon 310                                     04' exported, not modified.
23.12.2025 22:35:29.739 : Information - Sheet "CP02" / Row 7 - Object name 'CP2 Addr07 В-10 кВ "Сільгосп. Тех." | SPI  : Ozirna      CP2 Addr07  Akon 310                                     04' Added
23.12.2025 22:35:29.742 : Information - Sheet "CP02" / Row 8 - Object 'Ozirna      CP2 Addr07  Akon 310                                     03' exported, not modified.
23.12.2025 22:35:29.742 : Information - Sheet "CP02" / Row 8 - Object name 'CP2 Addr07 В-10 кВ "Сільгосп. Тех." | SPI  : Ozirna      CP2 Addr07  Akon 310                                     03' Added
23.12.2025 22:35:29.749 : Information - Sheet "CP02" / Row 9 - Object 'Ozirna      CP2 Addr07  Akon 310                                     02' exported, not modified.
23.12.2025 22:35:29.749 : Information - Sheet "CP02" / Row 9 - Object name 'CP2 Addr07 В-10 кВ "Сільгосп. Тех." | SPI  : Ozirna      CP2 Addr07  Akon 310                                     02' Added
23.12.2025 22:35:29.753 : Information - Sheet "CP02" / Row 10 - Object 'Ozirna      CP2 Addr07  Akon 310                                     01' exported, not modified.
23.12.2025 22:35:29.753 : Information - Sheet "CP02" / Row 10 - Object name 'CP2 Addr07 В-10 кВ "Сільгосп. Тех." | SPI  : Ozirna      CP2 Addr07  Akon 310                                     01' Added
23.12.2025 22:35:29.757 : Information - Sheet "CP02" / Row 11 - Object 'Ozirna      CP2 Addr07  Akon 310                                     ТК01' exported, not modified.
23.12.2025 22:35:29.757 : Information - Sheet "CP02" / Row 11 - Object name 'CP2 Addr07 В-10 кВ "Сільгосп. Тех." | SCO  : Ozirna      CP2 Addr07  Akon 310                                     ТК01' Added
23.12.2025 22:35:29.761 : Information - Sheet "CP02" / Row 12 - Object 'Ozirna      CP2 Addr08  Akon 310                                     ТВ01' exported, not modified.
23.12.2025 22:35:29.761 : Information - Sheet "CP02" / Row 12 - Object name 'CP2 Addr08 В-10 кВ СВ-10 | MFI  : Ozirna      CP2 Addr08  Akon 310                                     ТВ01' Added
23.12.2025 22:35:29.768 : Information - Sheet "CP02" / Row 13 - Object 'Ozirna      CP2 Addr08  Akon 310                                     04' exported, not modified.
23.12.2025 22:35:29.768 : Information - Sheet "CP02" / Row 13 - Object name 'CP2 Addr08 В-10 кВ СВ-10 | SPI  : Ozirna      CP2 Addr08  Akon 310                                     04' Added
23.12.2025 22:35:29.772 : Information - Sheet "CP02" / Row 14 - Object 'Ozirna      CP2 Addr08  Akon 310                                     03' exported, not modified.
23.12.2025 22:35:29.772 : Information - Sheet "CP02" / Row 14 - Object name 'CP2 Addr08 В-10 кВ СВ-10 | SPI  : Ozirna      CP2 Addr08  Akon 310                                     03' Added
23.12.2025 22:35:29.776 : Information - Sheet "CP02" / Row 15 - Object 'Ozirna      CP2 Addr08  Akon 310                                     02' exported, not modified.
23.12.2025 22:35:29.776 : Information - Sheet "CP02" / Row 15 - Object name 'CP2 Addr08 В-10 кВ СВ-10 | SPI  : Ozirna      CP2 Addr08  Akon 310                                     02' Added
23.12.2025 22:35:29.780 : Information - Sheet "CP02" / Row 16 - Object 'Ozirna      CP2 Addr08  Akon 310                                     01' exported, not modified.
23.12.2025 22:35:29.780 : Information - Sheet "CP02" / Row 16 - Object name 'CP2 Addr08 В-10 кВ СВ-10 | SPI  : Ozirna      CP2 Addr08  Akon 310                                     01' Added
23.12.2025 22:35:29.784 : Information - Sheet "CP02" / Row 17 - Object 'Ozirna      CP2 Addr08  Akon 310                                     ТК01' exported, not modified.
23.12.2025 22:35:29.784 : Information - Sheet "CP02" / Row 17 - Object name 'CP2 Addr08 В-10 кВ СВ-10 | SCO  : Ozirna      CP2 Addr08  Akon 310                                     ТК01' Added
23.12.2025 22:35:29.791 : Information - Sheet "CP02" / Row 18 - Object 'Ozirna      CP2 Addr10  Akon 310                                     ТВ01' exported, not modified.
23.12.2025 22:35:29.791 : Information - Sheet "CP02" / Row 18 - Object name 'CP2 Addr10 В-10 кВ "Бакали" | MFI  : Ozirna      CP2 Addr10  Akon 310                                     ТВ01' Added
23.12.2025 22:35:29.794 : Information - Sheet "CP02" / Row 19 - Object 'Ozirna      CP2 Addr10  Akon 310                                     04' exported, not modified.
23.12.2025 22:35:29.794 : Information - Sheet "CP02" / Row 19 - Object name 'CP2 Addr10 В-10 кВ "Бакали" | SPI  : Ozirna      CP2 Addr10  Akon 310                                     04' Added
23.12.2025 22:35:29.798 : Information - Sheet "CP02" / Row 20 - Object 'Ozirna      CP2 Addr10  Akon 310                                     03' exported, not modified.
23.12.2025 22:35:29.798 : Information - Sheet "CP02" / Row 20 - Object name 'CP2 Addr10 В-10 кВ "Бакали" | SPI  : Ozirna      CP2 Addr10  Akon 310                                     03' Added
23.12.2025 22:35:29.802 : Information - Sheet "CP02" / Row 21 - Object 'Ozirna      CP2 Addr10  Akon 310                                     02' exported, not modified.
23.12.2025 22:35:29.802 : Information - Sheet "CP02" / Row 21 - Object name 'CP2 Addr10 В-10 кВ "Бакали" | SPI  : Ozirna      CP2 Addr10  Akon 310                                     02' Added
23.12.2025 22:35:29.805 : Information - Sheet "CP02" / Row 22 - Object 'Ozirna      CP2 Addr10  Akon 310                                     01' exported, not modified.
23.12.2025 22:35:29.805 : Information - Sheet "CP02" / Row 22 - Object name 'CP2 Addr10 В-10 кВ "Бакали" | SPI  : Ozirna      CP2 Addr10  Akon 310                                     01' Added
23.12.2025 22:35:29.812 : Information - Sheet "CP02" / Row 23 - Object 'Ozirna      CP2 Addr10  Akon 310                                     ТК01' exported, not modified.
23.12.2025 22:35:29.812 : Information - Sheet "CP02" / Row 23 - Object name 'CP2 Addr10 В-10 кВ "Бакали" | SCO  : Ozirna      CP2 Addr10  Akon 310                                     ТК01' Added
23.12.2025 22:35:29.816 : Information - Sheet "CP02" / Row 24 - Object 'Ozirna      CP2 Addr11  Akon 310                                     ТВ01' exported, not modified.
23.12.2025 22:35:29.816 : Information - Sheet "CP02" / Row 24 - Object name 'CP2 Addr11 В-10 кВ "РП -1" | MFI  : Ozirna      CP2 Addr11  Akon 310                                     ТВ01' Added
23.12.2025 22:35:29.820 : Information - Sheet "CP02" / Row 25 - Object 'Ozirna      CP2 Addr11  Akon 310                                     04' exported, not modified.
23.12.2025 22:35:29.820 : Information - Sheet "CP02" / Row 25 - Object name 'CP2 Addr11 В-10 кВ "РП -1" | SPI  : Ozirna      CP2 Addr11  Akon 310                                     04' Added
23.12.2025 22:35:29.823 : Information - Sheet "CP02" / Row 26 - Object 'Ozirna      CP2 Addr11  Akon 310                                     03' exported, not modified.
23.12.2025 22:35:29.823 : Information - Sheet "CP02" / Row 26 - Object name 'CP2 Addr11 В-10 кВ "РП -1" | SPI  : Ozirna      CP2 Addr11  Akon 310                                     03' Added
23.12.2025 22:35:29.831 : Information - Sheet "CP02" / Row 27 - Object 'Ozirna      CP2 Addr11  Akon 310                                     02' exported, not modified.
23.12.2025 22:35:29.831 : Information - Sheet "CP02" / Row 27 - Object name 'CP2 Addr11 В-10 кВ "РП -1" | SPI  : Ozirna      CP2 Addr11  Akon 310                                     02' Added
23.12.2025 22:35:29.834 : Information - Sheet "CP02" / Row 28 - Object 'Ozirna      CP2 Addr11  Akon 310                                     01' exported, not modified.
23.12.2025 22:35:29.834 : Information - Sheet "CP02" / Row 28 - Object name 'CP2 Addr11 В-10 кВ "РП -1" | SPI  : Ozirna      CP2 Addr11  Akon 310                                     01' Added
23.12.2025 22:35:29.838 : Information - Sheet "CP02" / Row 29 - Object 'Ozirna      CP2 Addr11  Akon 310                                     ТК01' exported, not modified.
23.12.2025 22:35:29.838 : Information - Sheet "CP02" / Row 29 - Object name 'CP2 Addr11 В-10 кВ "РП -1" | SCO  : Ozirna      CP2 Addr11  Akon 310                                     ТК01' Added
23.12.2025 22:35:29.841 : Information - Sheet "CP02" / Row 30 - Object 'Ozirna      CP2 Addr12  Akon 310                                     ТВ01' exported, not modified.
23.12.2025 22:35:29.841 : Information - Sheet "CP02" / Row 30 - Object name 'CP2 Addr12 В-10 кВ "Щербаки" | MFI  : Ozirna      CP2 Addr12  Akon 310                                     ТВ01' Added
23.12.2025 22:35:29.845 : Information - Sheet "CP02" / Row 31 - Object 'Ozirna      CP2 Addr12  Akon 310                                     04' exported, not modified.
23.12.2025 22:35:29.845 : Information - Sheet "CP02" / Row 31 - Object name 'CP2 Addr12 В-10 кВ "Щербаки" | SPI  : Ozirna      CP2 Addr12  Akon 310                                     04' Added
23.12.2025 22:35:29.851 : Information - Sheet "CP02" / Row 32 - Object 'Ozirna      CP2 Addr12  Akon 310                                     03' exported, not modified.
23.12.2025 22:35:29.851 : Information - Sheet "CP02" / Row 32 - Object name 'CP2 Addr12 В-10 кВ "Щербаки" | SPI  : Ozirna      CP2 Addr12  Akon 310                                     03' Added
23.12.2025 22:35:29.855 : Information - Sheet "CP02" / Row 33 - Object 'Ozirna      CP2 Addr12  Akon 310                                     02' exported, not modified.
23.12.2025 22:35:29.855 : Information - Sheet "CP02" / Row 33 - Object name 'CP2 Addr12 В-10 кВ "Щербаки" | SPI  : Ozirna      CP2 Addr12  Akon 310                                     02' Added
23.12.2025 22:35:29.858 : Information - Sheet "CP02" / Row 34 - Object 'Ozirna      CP2 Addr12  Akon 310                                     01' exported, not modified.
23.12.2025 22:35:29.858 : Information - Sheet "CP02" / Row 34 - Object name 'CP2 Addr12 В-10 кВ "Щербаки" | SPI  : Ozirna      CP2 Addr12  Akon 310                                     01' Added
23.12.2025 22:35:29.862 : Information - Sheet "CP02" / Row 35 - Object 'Ozirna      CP2 Addr12  Akon 310                                     ТК01' exported, not modified.
23.12.2025 22:35:29.862 : Information - Sheet "CP02" / Row 35 - Object name 'CP2 Addr12 В-10 кВ "Щербаки" | SCO  : Ozirna      CP2 Addr12  Akon 310                                     ТК01' Added
23.12.2025 22:35:29.866 : Information - Sheet "CP02" / Row 36 - Object 'Ozirna      CP2 Addr16  Akon 314                                     ТВ02' exported, not modified.
23.12.2025 22:35:29.866 : Information - Sheet "CP02" / Row 36 - Object name 'CP2 Addr16 В-10 кВ Т-2 | MFI  : Ozirna      CP2 Addr16  Akon 314                                     ТВ02' Added
23.12.2025 22:35:29.872 : Information - Sheet "CP02" / Row 37 - Object 'Ozirna      CP2 Addr16  Akon 314                                     ТВ01' exported, not modified.
23.12.2025 22:35:29.872 : Information - Sheet "CP02" / Row 37 - Object name 'CP2 Addr16 В-10 кВ Т-2 | MFI  : Ozirna      CP2 Addr16  Akon 314                                     ТВ01' Added
23.12.2025 22:35:29.875 : Information - Sheet "CP02" / Row 38 - Object 'Ozirna      CP2 Addr16  Akon 314                                     04' exported, not modified.
23.12.2025 22:35:29.875 : Information - Sheet "CP02" / Row 38 - Object name 'CP2 Addr16 В-10 кВ Т-2 | SPI  : Ozirna      CP2 Addr16  Akon 314                                     04' Added
23.12.2025 22:35:29.880 : Information - Sheet "CP02" / Row 39 - Object 'Ozirna      CP2 Addr16  Akon 314                                     03' exported, not modified.
23.12.2025 22:35:29.880 : Information - Sheet "CP02" / Row 39 - Object name 'CP2 Addr16 В-10 кВ Т-2 | SPI  : Ozirna      CP2 Addr16  Akon 314                                     03' Added
23.12.2025 22:35:29.883 : Information - Sheet "CP02" / Row 40 - Object 'Ozirna      CP2 Addr16  Akon 314                                     02' exported, not modified.
23.12.2025 22:35:29.883 : Information - Sheet "CP02" / Row 40 - Object name 'CP2 Addr16 В-10 кВ Т-2 | SPI  : Ozirna      CP2 Addr16  Akon 314                                     02' Added
23.12.2025 22:35:29.889 : Information - Sheet "CP02" / Row 41 - Object 'Ozirna      CP2 Addr16  Akon 314                                     01' exported, not modified.
23.12.2025 22:35:29.889 : Information - Sheet "CP02" / Row 41 - Object name 'CP2 Addr16 В-10 кВ Т-2 | SPI  : Ozirna      CP2 Addr16  Akon 314                                     01' Added
23.12.2025 22:35:29.893 : Information - Sheet "CP02" / Row 42 - Object 'Ozirna      CP2 Addr16  Akon 314                                     ТК01' exported, not modified.
23.12.2025 22:35:29.893 : Information - Sheet "CP02" / Row 42 - Object name 'CP2 Addr16 В-10 кВ Т-2 | SCO  : Ozirna      CP2 Addr16  Akon 314                                     ТК01' Added
23.12.2025 22:35:29.896 : Information - Sheet "CP02" / Row 43 - Object '' exported, not modified.
23.12.2025 22:35:29.896 : Information - Sheet "CP02" / Row 43 - Object name 'CP2 Addr07 В-10 кВ "Сільгосп. Тех." | SEV [#048: Device inoperable]' Added
23.12.2025 22:35:29.900 : Information - Sheet "CP02" / Row 44 - Object '' exported, not modified.
23.12.2025 22:35:29.900 : Information - Sheet "CP02" / Row 44 - Object name 'CP2 Addr08 В-10 кВ СВ-10 | SEV [#048: Device inoperable]' Added
23.12.2025 22:35:29.903 : Information - Sheet "CP02" / Row 45 - Object '' exported, not modified.
23.12.2025 22:35:29.903 : Information - Sheet "CP02" / Row 45 - Object name 'CP2 Addr10 В-10 кВ "Бакали" | SEV [#048: Device inoperable]' Added
23.12.2025 22:35:29.906 : Information - Sheet "CP02" / Row 46 - Object '' exported, not modified.
23.12.2025 22:35:29.909 : Information - Sheet "CP02" / Row 46 - Object name 'CP2 Addr11 В-10 кВ "РП -1" | SEV [#048: Device inoperable]' Added
23.12.2025 22:35:29.913 : Information - Sheet "CP02" / Row 47 - Object '' exported, not modified.
23.12.2025 22:35:29.913 : Information - Sheet "CP02" / Row 47 - Object name 'CP2 Addr12 В-10 кВ "Щербаки" | SEV [#048: Device inoperable]' Added
23.12.2025 22:35:29.916 : Information - Sheet "CP02" / Row 48 - Object '' exported, not modified.
23.12.2025 22:35:29.917 : Information - Sheet "CP02" / Row 48 - Object name 'CP2 Addr16 В-10 кВ Т-2 | SEV [#048: Device inoperable]' Added
23.12.2025 22:35:29.917 : Information - RTU "Ozirna_2025_12_11" - 0 rows updated, 43 rows added, 0 rows deleted, 100 rows processed
23.12.2025 22:35:29.917 : Information - RTU "Ozirna_2025_12_11" - Finished export worksheet 'CP02'
23.12.2025 22:35:29.917 : Information - RTU "Ozirna_2025_12_11" - Start export worksheet 'CP01'.
23.12.2025 22:35:29.920 : Information - Sheet "CP01" / Row 6 - Object 'Ozirna      CP1 Addr1k  Akon 310                                     ТВ01 Ia к1 10 кВ Резерв' exported, not modified.
23.12.2025 22:35:29.920 : Information - Sheet "CP01" / Row 6 - Object name 'CP1 Addr1 10 кВ "Резерв" | MFI  : Ozirna      CP1 Addr1k  Akon 310                                     ТВ01 Ia к1 10 кВ Резерв' Added
23.12.2025 22:35:29.924 : Information - Sheet "CP01" / Row 7 - Object 'Ozirna      CP1 Addr1k  Akon 310                                     04' exported, not modified.
23.12.2025 22:35:29.924 : Information - Sheet "CP01" / Row 7 - Object name 'CP1 Addr1 10 кВ "Резерв" | SPI  : Ozirna      CP1 Addr1k  Akon 310                                     04' Added
23.12.2025 22:35:29.931 : Information - Sheet "CP01" / Row 8 - Object 'Ozirna      CP1 Addr1k  Akon 310                                     03' exported, not modified.
23.12.2025 22:35:29.931 : Information - Sheet "CP01" / Row 8 - Object name 'CP1 Addr1 10 кВ "Резерв" | SPI  : Ozirna      CP1 Addr1k  Akon 310                                     03' Added
23.12.2025 22:35:29.934 : Information - Sheet "CP01" / Row 9 - Object 'Ozirna      CP1 Addr1k  Akon 310                                     02' exported, not modified.
23.12.2025 22:35:29.934 : Information - Sheet "CP01" / Row 9 - Object name 'CP1 Addr1 10 кВ "Резерв" | SPI  : Ozirna      CP1 Addr1k  Akon 310                                     02' Added
23.12.2025 22:35:29.938 : Information - Sheet "CP01" / Row 10 - Object 'Ozirna      CP1 Addr1k  Akon 310                                     01' exported, not modified.
23.12.2025 22:35:29.938 : Information - Sheet "CP01" / Row 10 - Object name 'CP1 Addr1 10 кВ "Резерв" | SPI  : Ozirna      CP1 Addr1k  Akon 310                                     01' Added
23.12.2025 22:35:29.942 : Information - Sheet "CP01" / Row 11 - Object 'Ozirna      CP1 Addr1k  Akon 310                                     ТК01 к1 10 кВ "Резерв"' exported, not modified.
23.12.2025 22:35:29.942 : Information - Sheet "CP01" / Row 11 - Object name 'CP1 Addr1 10 кВ "Резерв" | SCO  : Ozirna      CP1 Addr1k  Akon 310                                     ТК01 к1 10 кВ "Резерв"' Added
23.12.2025 22:35:29.945 : Information - Sheet "CP01" / Row 12 - Object 'Ozirna      CP1 Addr2k  Akon 310                                     ТВ01' exported, not modified.
23.12.2025 22:35:29.945 : Information - Sheet "CP01" / Row 12 - Object name 'CP1 Addr2 В-10 кВ "Межовий" | MFI  : Ozirna      CP1 Addr2k  Akon 310                                     ТВ01' Added
23.12.2025 22:35:29.952 : Information - Sheet "CP01" / Row 13 - Object 'Ozirna      CP1 Addr2k  Akon 310                                     04' exported, not modified.
23.12.2025 22:35:29.952 : Information - Sheet "CP01" / Row 13 - Object name 'CP1 Addr2 В-10 кВ "Межовий" | SPI  : Ozirna      CP1 Addr2k  Akon 310                                     04' Added
23.12.2025 22:35:29.958 : Information - Sheet "CP01" / Row 14 - Object 'Ozirna      CP1 Addr2k  Akon 310                                     03' exported, not modified.
23.12.2025 22:35:29.958 : Information - Sheet "CP01" / Row 14 - Object name 'CP1 Addr2 В-10 кВ "Межовий" | SPI  : Ozirna      CP1 Addr2k  Akon 310                                     03' Added
23.12.2025 22:35:29.961 : Information - Sheet "CP01" / Row 15 - Object 'Ozirna      CP1 Addr2k  Akon 310                                     02' exported, not modified.
23.12.2025 22:35:29.961 : Information - Sheet "CP01" / Row 15 - Object name 'CP1 Addr2 В-10 кВ "Межовий" | SPI  : Ozirna      CP1 Addr2k  Akon 310                                     02' Added
23.12.2025 22:35:29.965 : Information - Sheet "CP01" / Row 16 - Object 'Ozirna      CP1 Addr2k  Akon 310                                     01' exported, not modified.
23.12.2025 22:35:29.965 : Information - Sheet "CP01" / Row 16 - Object name 'CP1 Addr2 В-10 кВ "Межовий" | SPI  : Ozirna      CP1 Addr2k  Akon 310                                     01' Added
23.12.2025 22:35:29.968 : Information - Sheet "CP01" / Row 17 - Object 'Ozirna      CP1 Addr2k  Akon 310                                     ТК01' exported, not modified.
23.12.2025 22:35:29.968 : Information - Sheet "CP01" / Row 17 - Object name 'CP1 Addr2 В-10 кВ "Межовий" | SCO  : Ozirna      CP1 Addr2k  Akon 310                                     ТК01' Added
23.12.2025 22:35:29.976 : Information - Sheet "CP01" / Row 18 - Object 'Ozirna      CP1 Addr3k  Akon 314                                     ТВ02 UАB 1 сш. 10 кВ к3 Т1' exported, not modified.
23.12.2025 22:35:29.976 : Information - Sheet "CP01" / Row 18 - Object name 'CP1 Addr3  В-10 кВ Т-1 | MFI  : Ozirna      CP1 Addr3k  Akon 314                                     ТВ02 UАB 1 сш. 10 кВ к3 Т1' Added
23.12.2025 22:35:29.980 : Information - Sheet "CP01" / Row 19 - Object 'Ozirna      CP1 Addr3k  Akon 314                                     ТВ01' exported, not modified.
23.12.2025 22:35:29.980 : Information - Sheet "CP01" / Row 19 - Object name 'CP1 Addr3  В-10 кВ Т-1 | MFI  : Ozirna      CP1 Addr3k  Akon 314                                     ТВ01' Added
23.12.2025 22:35:29.984 : Information - Sheet "CP01" / Row 20 - Object 'Ozirna      CP1 Addr3k  Akon 314                                     04' exported, not modified.
23.12.2025 22:35:29.984 : Information - Sheet "CP01" / Row 20 - Object name 'CP1 Addr3  В-10 кВ Т-1 | SPI  : Ozirna      CP1 Addr3k  Akon 314                                     04' Added
23.12.2025 22:35:29.989 : Information - Sheet "CP01" / Row 21 - Object 'Ozirna      CP1 Addr3k  Akon 314                                     03' exported, not modified.
23.12.2025 22:35:29.989 : Information - Sheet "CP01" / Row 21 - Object name 'CP1 Addr3  В-10 кВ Т-1 | SPI  : Ozirna      CP1 Addr3k  Akon 314                                     03' Added
23.12.2025 22:35:29.995 : Information - Sheet "CP01" / Row 22 - Object 'Ozirna      CP1 Addr3k  Akon 314                                     02' exported, not modified.
23.12.2025 22:35:29.995 : Information - Sheet "CP01" / Row 22 - Object name 'CP1 Addr3  В-10 кВ Т-1 | SPI  : Ozirna      CP1 Addr3k  Akon 314                                     02' Added
23.12.2025 22:35:29.999 : Information - Sheet "CP01" / Row 23 - Object 'Ozirna      CP1 Addr3k  Akon 314                                     01' exported, not modified.
23.12.2025 22:35:29.999 : Information - Sheet "CP01" / Row 23 - Object name 'CP1 Addr3  В-10 кВ Т-1 | SPI  : Ozirna      CP1 Addr3k  Akon 314                                     01' Added
23.12.2025 22:35:30.002 : Information - Sheet "CP01" / Row 24 - Object 'Ozirna      CP1 Addr3k  Akon 314                                     ТК01' exported, not modified.
23.12.2025 22:35:30.002 : Information - Sheet "CP01" / Row 24 - Object name 'CP1 Addr3  В-10 кВ Т-1 | SCO  : Ozirna      CP1 Addr3k  Akon 314                                     ТК01' Added
23.12.2025 22:35:30.007 : Information - Sheet "CP01" / Row 25 - Object 'Ozirna      CP1 Addr5k  Akon 310                                     ТВ01' exported, not modified.
23.12.2025 22:35:30.007 : Information - Sheet "CP01" / Row 25 - Object name 'CP1 Addr5 В-10 кВ "Б. Гребля" | MFI  : Ozirna      CP1 Addr5k  Akon 310                                     ТВ01' Added
23.12.2025 22:35:30.010 : Information - Sheet "CP01" / Row 26 - Object 'Ozirna      CP1 Addr5k  Akon 310                                     04' exported, not modified.
23.12.2025 22:35:30.010 : Information - Sheet "CP01" / Row 26 - Object name 'CP1 Addr5 В-10 кВ "Б. Гребля" | SPI  : Ozirna      CP1 Addr5k  Akon 310                                     04' Added
23.12.2025 22:35:30.017 : Information - Sheet "CP01" / Row 27 - Object 'Ozirna      CP1 Addr5k  Akon 310                                     03' exported, not modified.
23.12.2025 22:35:30.017 : Information - Sheet "CP01" / Row 27 - Object name 'CP1 Addr5 В-10 кВ "Б. Гребля" | SPI  : Ozirna      CP1 Addr5k  Akon 310                                     03' Added
23.12.2025 22:35:30.020 : Information - Sheet "CP01" / Row 28 - Object 'Ozirna      CP1 Addr5k  Akon 310                                     02' exported, not modified.
23.12.2025 22:35:30.021 : Information - Sheet "CP01" / Row 28 - Object name 'CP1 Addr5 В-10 кВ "Б. Гребля" | SPI  : Ozirna      CP1 Addr5k  Akon 310                                     02' Added
23.12.2025 22:35:30.024 : Information - Sheet "CP01" / Row 29 - Object 'Ozirna      CP1 Addr5k  Akon 310                                     01' exported, not modified.
23.12.2025 22:35:30.024 : Information - Sheet "CP01" / Row 29 - Object name 'CP1 Addr5 В-10 кВ "Б. Гребля" | SPI  : Ozirna      CP1 Addr5k  Akon 310                                     01' Added
23.12.2025 22:35:30.028 : Information - Sheet "CP01" / Row 30 - Object 'Ozirna      CP1 Addr5k  Akon 310                                     ТК01' exported, not modified.
23.12.2025 22:35:30.028 : Information - Sheet "CP01" / Row 30 - Object name 'CP1 Addr5 В-10 кВ "Б. Гребля" | SCO  : Ozirna      CP1 Addr5k  Akon 310                                     ТК01' Added
23.12.2025 22:35:30.032 : Information - Sheet "CP01" / Row 31 - Object 'Ozirna      CP1 Addr6k  Akon 310                                     ТВ01' exported, not modified.
23.12.2025 22:35:30.032 : Information - Sheet "CP01" / Row 31 - Object name 'CP1 Addr6 В-10 кВ "Сорокотяги" | MFI  : Ozirna      CP1 Addr6k  Akon 310                                     ТВ01' Added
23.12.2025 22:35:30.038 : Information - Sheet "CP01" / Row 32 - Object 'Ozirna      CP1 Addr6k  Akon 310                                     04' exported, not modified.
23.12.2025 22:35:30.038 : Information - Sheet "CP01" / Row 32 - Object name 'CP1 Addr6 В-10 кВ "Сорокотяги" | SPI  : Ozirna      CP1 Addr6k  Akon 310                                     04' Added
23.12.2025 22:35:30.041 : Information - Sheet "CP01" / Row 33 - Object 'Ozirna      CP1 Addr6k  Akon 310                                     03' exported, not modified.
23.12.2025 22:35:30.041 : Information - Sheet "CP01" / Row 33 - Object name 'CP1 Addr6 В-10 кВ "Сорокотяги" | SPI  : Ozirna      CP1 Addr6k  Akon 310                                     03' Added
23.12.2025 22:35:30.045 : Information - Sheet "CP01" / Row 34 - Object 'Ozirna      CP1 Addr6k  Akon 310                                     02' exported, not modified.
23.12.2025 22:35:30.045 : Information - Sheet "CP01" / Row 34 - Object name 'CP1 Addr6 В-10 кВ "Сорокотяги" | SPI  : Ozirna      CP1 Addr6k  Akon 310                                     02' Added
23.12.2025 22:35:30.049 : Information - Sheet "CP01" / Row 35 - Object 'Ozirna      CP1 Addr6k  Akon 310                                     01' exported, not modified.
23.12.2025 22:35:30.049 : Information - Sheet "CP01" / Row 35 - Object name 'CP1 Addr6 В-10 кВ "Сорокотяги" | SPI  : Ozirna      CP1 Addr6k  Akon 310                                     01' Added
23.12.2025 22:35:30.055 : Information - Sheet "CP01" / Row 36 - Object 'Ozirna      CP1 Addr6k  Akon 310                                     ТК01' exported, not modified.
23.12.2025 22:35:30.055 : Information - Sheet "CP01" / Row 36 - Object name 'CP1 Addr6 В-10 кВ "Сорокотяги" | SCO  : Ozirna      CP1 Addr6k  Akon 310                                     ТК01' Added
23.12.2025 22:35:30.058 : Information - Sheet "CP01" / Row 37 - Object '' exported, not modified.
23.12.2025 22:35:30.058 : Information - Sheet "CP01" / Row 37 - Object name 'CP1 Addr1 10 кВ "Резерв" | SEV [#048: Device inoperable]' Added
23.12.2025 22:35:30.062 : Information - Sheet "CP01" / Row 38 - Object '' exported, not modified.
23.12.2025 22:35:30.062 : Information - Sheet "CP01" / Row 38 - Object name 'CP1 Addr2 В-10 кВ "Межовий" | SEV [#048: Device inoperable]' Added
23.12.2025 22:35:30.065 : Information - Sheet "CP01" / Row 39 - Object '' exported, not modified.
23.12.2025 22:35:30.065 : Information - Sheet "CP01" / Row 39 - Object name 'CP1 Addr3  В-10 кВ Т-1 | SEV [#048: Device inoperable]' Added
23.12.2025 22:35:30.068 : Information - Sheet "CP01" / Row 40 - Object '' exported, not modified.
23.12.2025 22:35:30.068 : Information - Sheet "CP01" / Row 40 - Object name 'CP1 Addr5 В-10 кВ "Б. Гребля" | SEV [#048: Device inoperable]' Added
23.12.2025 22:35:30.072 : Information - Sheet "CP01" / Row 41 - Object '' exported, not modified.
23.12.2025 22:35:30.072 : Information - Sheet "CP01" / Row 41 - Object name 'CP1 Addr6 В-10 кВ "Сорокотяги" | SEV [#048: Device inoperable]' Added
23.12.2025 22:35:30.072 : Information - RTU "Ozirna_2025_12_11" - 0 rows updated, 36 rows added, 0 rows deleted, 136 rows processed
23.12.2025 22:35:30.072 : Information - RTU "Ozirna_2025_12_11" - Finished export worksheet 'CP01'
23.12.2025 22:35:30.072 : Information - RTU "Ozirna_2025_12_11" - Start export worksheet 'Local IO'.
23.12.2025 22:35:30.078 : Information - Sheet "Local IO" / Row 6 - Object '' exported, not modified.
23.12.2025 22:35:30.078 : Information - Sheet "Local IO" / Row 6 - Object name 'Ozirna_2025_12_11 | SEV [#023: RTU is faulty]' Added
23.12.2025 22:35:30.078 : Information - RTU "Ozirna_2025_12_11" - 0 rows updated, 1 rows added, 0 rows deleted, 137 rows processed
23.12.2025 22:35:30.078 : Information - RTU "Ozirna_2025_12_11" - Finished export worksheet 'Local IO'
23.12.2025 22:35:30.193 : Information - RTU "Ozirna_2025_12_11" - 0 errors, 0 warnings
23.12.2025 22:35:30.193 : Information - RTU "Ozirna_2025_12_11" - Export completed.
